%4|1772318760.593|GETPID|rdkafka#producer-1| [thrd:main]: Failed to acquire idempotence PID from broker localhost:9092/1: Broker: Coordinator load in progress: retrying
/Users/muhammadsabeehwaqas/Documents/AirQualitySensors-DataPlatform/tenantB_producer.py:103: DeprecationWarning: datetime.datetime.utcnow() is deprecated and scheduled for removal in a future version. Use timezone-aware objects to represent datetimes in UTC: datetime.datetime.now(datetime.UTC).
  "ingest_ts_utc": datetime.utcnow().isoformat(timespec="seconds") + "Z",
%0|1772319072.639|FATAL|rdkafka#producer-1| [thrd:localhost:9092/1]: Fatal error: Broker: Broker received an out of order sequence number: ProduceRequest for tenantB.bronze.raw [3] with 1 message(s) failed due to sequence desynchronization with broker 1 (PID{Id:0,Epoch:0}, base seq 10, idemp state change 311538ms ago, last partition error NO_ERROR (actions , base seq 0..0, base msgid 0, -1ms ago)
==> TenantB producer started. Kafka=localhost:9092, topic=tenantB.bronze.raw
Press Ctrl+C to stop.

TenantB -> topic=tenantB.bronze.raw key=30390 ts=2026-02-28 22:43:50 location_id=30390 sensor_id=44330
TenantB -> topic=tenantB.bronze.raw key=5200 ts=2026-02-28 22:45:00 location_id=5200 sensor_id=10309
TenantB -> topic=tenantB.bronze.raw key=12708 ts=2026-02-28 22:43:31 location_id=12708 sensor_id=7819
TenantB -> topic=tenantB.bronze.raw key=59900 ts=2026-02-28 22:44:24 location_id=59900 sensor_id=72037
TenantB -> topic=tenantB.bronze.raw key=33721 ts=2026-02-28 22:44:44 location_id=33721 sensor_id=47961
TenantB -> topic=tenantB.bronze.raw key=35268 ts=2026-02-28 22:46:11 location_id=35268 sensor_id=49392
TenantB -> topic=tenantB.bronze.raw key=30542 ts=2026-02-28 22:45:06 location_id=30542 sensor_id=44824
TenantB -> topic=tenantB.bronze.raw key=53367 ts=2026-02-28 22:44:37 location_id=53367 sensor_id=66533
TenantB -> topic=tenantB.bronze.raw key=51140 ts=2026-02-28 22:45:03 location_id=51140 sensor_id=64712
TenantB -> topic=tenantB.bronze.raw key=14362 ts=2026-02-28 22:45:23 location_id=14362 sensor_id=26775
TenantB -> topic=tenantB.bronze.raw key=44117 ts=2026-02-28 22:45:41 location_id=44117 sensor_id=58308
TenantB -> topic=tenantB.bronze.raw key=89054 ts=2026-02-28 22:45:18 location_id=89054 sensor_id=96589
TenantB -> topic=tenantB.bronze.raw key=55741 ts=2026-02-28 22:44:35 location_id=55741 sensor_id=54123
TenantB -> topic=tenantB.bronze.raw key=9959 ts=2026-02-28 22:45:39 location_id=9959 sensor_id=19624
TenantB -> topic=tenantB.bronze.raw key=27610 ts=2026-02-28 22:46:11 location_id=27610 sensor_id=41565
TenantB -> topic=tenantB.bronze.raw key=71503 ts=2026-02-28 22:46:14 location_id=71503 sensor_id=81392
TenantB -> topic=tenantB.bronze.raw key=73457 ts=2026-02-28 22:44:01 location_id=73457 sensor_id=83517
TenantB -> topic=tenantB.bronze.raw key=85248 ts=2026-02-28 22:44:30 location_id=85248 sensor_id=92990
TenantB -> topic=tenantB.bronze.raw key=10516 ts=2026-02-28 22:46:57 location_id=10516 sensor_id=20710
TenantB -> topic=tenantB.bronze.raw key=90309 ts=2026-02-28 22:45:40 location_id=90309 sensor_id=97521
TenantB -> topic=tenantB.bronze.raw key=22621 ts=2026-02-28 22:46:41 location_id=22621 sensor_id=36611
TenantB -> topic=tenantB.bronze.raw key=4185 ts=2026-02-28 22:46:12 location_id=4185 sensor_id=8294
TenantB -> topic=tenantB.bronze.raw key=78731 ts=2026-02-28 22:45:10 location_id=78731 sensor_id=87467
TenantB -> topic=tenantB.bronze.raw key=85038 ts=2026-02-28 22:46:04 location_id=85038 sensor_id=92751
TenantB -> topic=tenantB.bronze.raw key=51109 ts=2026-02-28 22:46:23 location_id=51109 sensor_id=64684
TenantB -> topic=tenantB.bronze.raw key=86666 ts=2026-02-28 22:45:13 location_id=86666 sensor_id=94183
TenantB -> topic=tenantB.bronze.raw key=67421 ts=2026-02-28 22:44:54 location_id=67421 sensor_id=51547
TenantB -> topic=tenantB.bronze.raw key=9084 ts=2026-02-28 22:46:13 location_id=9084 sensor_id=17917
TenantB -> topic=tenantB.bronze.raw key=84587 ts=2026-02-28 22:45:09 location_id=84587 sensor_id=88879
TenantB -> topic=tenantB.bronze.raw key=8829 ts=2026-02-28 22:45:29 location_id=8829 sensor_id=17422
TenantB -> topic=tenantB.bronze.raw key=53704 ts=2026-02-28 22:46:15 location_id=53704 sensor_id=63005
TenantB -> topic=tenantB.bronze.raw key=37062 ts=2026-02-28 22:46:50 location_id=37062 sensor_id=51035
TenantB -> topic=tenantB.bronze.raw key=49844 ts=2026-02-28 22:47:31 location_id=49844 sensor_id=63697
TenantB -> topic=tenantB.bronze.raw key=67209 ts=2026-02-28 22:47:30 location_id=67209 sensor_id=78004
TenantB -> topic=tenantB.bronze.raw key=10787 ts=2026-02-28 22:47:04 location_id=10787 sensor_id=21259
TenantB -> topic=tenantB.bronze.raw key=36771 ts=2026-02-28 22:47:03 location_id=36771 sensor_id=50801
TenantB -> topic=tenantB.bronze.raw key=88088 ts=2026-02-28 22:48:09 location_id=88088 sensor_id=95887
TenantB -> topic=tenantB.bronze.raw key=10710 ts=2026-02-28 22:47:13 location_id=10710 sensor_id=21103
TenantB -> topic=tenantB.bronze.raw key=41875 ts=2026-02-28 22:46:19 location_id=41875 sensor_id=55990
TenantB -> topic=tenantB.bronze.raw key=29067 ts=2026-02-28 22:47:35 location_id=29067 sensor_id=43480
TenantB -> topic=tenantB.bronze.raw key=11726 ts=2026-02-28 22:47:57 location_id=11726 sensor_id=23113
TenantB -> topic=tenantB.bronze.raw key=79975 ts=2026-02-28 22:43:50 location_id=79975 sensor_id=88713
TenantB -> topic=tenantB.bronze.raw key=494 ts=2026-02-28 22:47:00 location_id=494 sensor_id=30765
TenantB -> topic=tenantB.bronze.raw key=75915 ts=2026-02-28 22:46:46 location_id=75915 sensor_id=85506
TenantB -> topic=tenantB.bronze.raw key=59359 ts=2026-02-28 22:47:24 location_id=59359 sensor_id=71536
TenantB -> topic=tenantB.bronze.raw key=73890 ts=2026-02-28 22:47:15 location_id=73890 sensor_id=83865
TenantB -> topic=tenantB.bronze.raw key=54175 ts=2026-02-28 22:49:13 location_id=54175 sensor_id=67263
TenantB -> topic=tenantB.bronze.raw key=77492 ts=2026-02-28 22:47:20 location_id=77492 sensor_id=86733
TenantB -> topic=tenantB.bronze.raw key=77032 ts=2026-02-28 22:47:09 location_id=77032 sensor_id=86386
TenantB -> topic=tenantB.bronze.raw key=68883 ts=2026-02-28 22:48:46 location_id=68883 sensor_id=79431
TenantB -> topic=tenantB.bronze.raw key=66401 ts=2026-02-28 22:47:22 location_id=66401 sensor_id=62789
TenantB -> topic=tenantB.bronze.raw key=88544 ts=2026-02-28 22:47:22 location_id=88544 sensor_id=95694
TenantB -> topic=tenantB.bronze.raw key=5113 ts=2026-02-28 22:48:53 location_id=5113 sensor_id=10145
TenantB -> topic=tenantB.bronze.raw key=22411 ts=2026-02-28 22:48:15 location_id=22411 sensor_id=36379
TenantB -> topic=tenantB.bronze.raw key=87906 ts=2026-02-28 22:45:26 location_id=87906 sensor_id=95735
TenantB -> topic=tenantB.bronze.raw key=76503 ts=2026-02-28 22:47:58 location_id=76503 sensor_id=85937
TenantB -> topic=tenantB.bronze.raw key=16362 ts=2026-02-28 22:49:03 location_id=16362 sensor_id=29379
TenantB -> topic=tenantB.bronze.raw key=37474 ts=2026-02-28 22:47:53 location_id=37474 sensor_id=50379
TenantB -> topic=tenantB.bronze.raw key=52627 ts=2026-02-28 22:47:56 location_id=52627 sensor_id=65854
TenantB -> topic=tenantB.bronze.raw key=7888 ts=2026-02-28 22:50:07 location_id=7888 sensor_id=15574
TenantB -> topic=tenantB.bronze.raw key=77959 ts=2026-02-28 22:49:41 location_id=77959 sensor_id=87091
TenantB -> topic=tenantB.bronze.raw key=5655 ts=2026-02-28 22:48:35 location_id=5655 sensor_id=11197
TenantB -> topic=tenantB.bronze.raw key=62918 ts=2026-02-28 22:50:10 location_id=62918 sensor_id=74470
TenantB -> topic=tenantB.bronze.raw key=58803 ts=2026-02-28 22:49:00 location_id=58803 sensor_id=70735
TenantB -> topic=tenantB.bronze.raw key=85776 ts=2026-02-28 22:48:52 location_id=85776 sensor_id=93376
TenantB -> topic=tenantB.bronze.raw key=48168 ts=2026-02-28 22:49:19 location_id=48168 sensor_id=49634
TenantB -> topic=tenantB.bronze.raw key=86389 ts=2026-02-28 22:50:03 location_id=86389 sensor_id=93903
TenantB -> topic=tenantB.bronze.raw key=631 ts=2026-02-28 22:47:59 location_id=631 sensor_id=1277
TenantB -> topic=tenantB.bronze.raw key=70472 ts=2026-02-28 22:50:12 location_id=70472 sensor_id=81005
TenantB -> topic=tenantB.bronze.raw key=43153 ts=2026-02-28 22:48:44 location_id=43153 sensor_id=57309
TenantB -> topic=tenantB.bronze.raw key=56347 ts=2026-02-28 22:50:16 location_id=56347 sensor_id=69235
Traceback (most recent call last):
  File "/Users/muhammadsabeehwaqas/Documents/AirQualitySensors-DataPlatform/tenantB_producer.py", line 191, in main
    p.produce(
cimpl.KafkaException: KafkaError{code=_FATAL,val=-150,str="Unable to produce message: Local: Fatal error"}

During handling of the above exception, another exception occurred:

Traceback (most recent call last):
  File "/Users/muhammadsabeehwaqas/Documents/AirQualitySensors-DataPlatform/tenantB_producer.py", line 216, in <module>
    main()
  File "/Users/muhammadsabeehwaqas/Documents/AirQualitySensors-DataPlatform/tenantB_producer.py", line 211, in main
    p.flush(10)
  File "/Users/muhammadsabeehwaqas/Documents/AirQualitySensors-DataPlatform/tenantB_producer.py", line 130, in delivery_report
    print(f"âŒ Delivery failed: {err}")
                                ^^^^^
TypeError: Type confluent_kafka.cimpl.KafkaError doesn't define __format__
=4755
TenantB -> topic=tenantB.bronze.raw key=50735 ts=2026-02-28 22:45:40 location_id=50735 sensor_id=63306
TenantB -> topic=tenantB.bronze.raw key=91475 ts=2026-02-28 22:44:08 location_id=91475 sensor_id=98369
TenantB -> topic=tenantB.bronze.raw key=14780 ts=2026-02-28 22:46:04 location_id=14780 sensor_id=18568
TenantB -> topic=tenantB.bronze.raw key=88257 ts=2026-02-28 22:46:02 location_id=88257 sensor_id=4672
TenantB -> topic=tenantB.bronze.raw key=77198 ts=2026-02-28 22:44:54 location_id=77198 sensor_id=86552
TenantB -> topic=tenantB.bronze.raw key=82361 ts=2026-02-28 22:46:00 location_id=82361 sensor_id=90194
TenantB -> topic=tenantB.bronze.raw key=29999 ts=2026-02-28 22:44:11 location_id=29999 sensor_id=44290
TenantB -> topic=tenantB.bronze.raw key=28312 ts=2026-02-28 22:44:22 location_id=28312 sensor_id=42134
TenantB -> topic=tenantB.bronze.raw key=9632 ts=2026-02-28 22:46:22 location_id=9632 sensor_id=18998
TenantB -> topic=tenantB.bronze.raw key=4931 ts=2026-02-28 22:44:13 location_id=4931 sensor_id=9783
TenantB -> topic=tenantB.bronze.raw key=80136 ts=2026-02-28 22:44:56 location_id=80136 sensor_id=88792
TenantB -> topic=tenantB.bronze.raw key=85000 ts=2026-02-28 22:46:45 location_id=85000 sensor_id=92817
TenantB -> topic=tenantB.bronze.raw key=41631 ts=2026-02-28 22:46:19 location_id=41631 sensor_id=55724
TenantB -> topic=tenantB.bronze.raw key=73131 ts=2026-02-28 22:44:26 location_id=73131 sensor_id=36441
TenantB -> topic=tenantB.bronze.raw key=10556 ts=2026-02-28 22:44:40 location_id=10556 sensor_id=20792
TenantB -> topic=tenantB.bronze.raw key=51342 ts=2026-02-28 22:45:33 location_id=51342 sensor_id=45369
TenantB -> topic=tenantB.bronze.raw key=67394 ts=2026-02-28 22:45:16 location_id=67394 sensor_id=78143
TenantB -> topic=tenantB.bronze.raw key=23794 ts=2026-02-28 22:45:31 location_id=23794 sensor_id=37972
TenantB -> topic=tenantB.bronze.raw key=86096 ts=2026-02-28 22:46:00 location_id=86096 sensor_id=93615
TenantB -> topic=tenantB.bronze.raw key=14927 ts=2026-02-28 22:46:25 location_id=14927 sensor_id=27491
TenantB -> topic=tenantB.bronze.raw key=14509 ts=2026-02-28 22:47:37 location_id=14509 sensor_id=2439
TenantB -> topic=tenantB.bronze.raw key=89120 ts=2026-02-28 22:47:53 location_id=89120 sensor_id=65292
TenantB -> topic=tenantB.bronze.raw key=30542 ts=2026-02-28 22:45:06 location_id=30542 sensor_id=44825
TenantB -> topic=tenantB.bronze.raw key=90377 ts=2026-02-28 22:47:40 location_id=90377 sensor_id=66796
TenantB -> topic=tenantB.bronze.raw key=43054 ts=2026-02-28 22:46:23 location_id=43054 sensor_id=57194
TenantB -> topic=tenantB.bronze.raw key=13914 ts=2026-02-28 22:47:59 location_id=13914 sensor_id=26164
TenantB -> topic=tenantB.bronze.raw key=72883 ts=2026-02-28 22:48:03 location_id=72883 sensor_id=83058
TenantB -> topic=tenantB.bronze.raw key=89057 ts=2026-02-28 22:47:30 location_id=89057 sensor_id=96566
TenantB -> topic=tenantB.bronze.raw key=77518 ts=2026-02-28 22:46:55 location_id=77518 sensor_id=86759
TenantB -> topic=tenantB.bronze.raw key=3530 ts=2026-02-28 22:45:59 location_id=3530 sensor_id=6979
TenantB -> topic=tenantB.bronze.raw key=4369 ts=2026-02-28 22:47:40 location_id=4369 sensor_id=8664
TenantB -> topic=tenantB.bronze.raw key=82481 ts=2026-02-28 22:47:30 location_id=82481 sensor_id=90475
TenantB -> topic=tenantB.bronze.raw key=65974 ts=2026-02-28 22:47:14 location_id=65974 sensor_id=77041
TenantB -> topic=tenantB.bronze.raw key=76557 ts=2026-02-28 22:45:38 location_id=76557 sensor_id=85984
TenantB -> topic=tenantB.bronze.raw key=16038 ts=2026-02-28 22:47:59 location_id=16038 sensor_id=28927
TenantB -> topic=tenantB.bronze.raw key=72125 ts=2026-02-28 22:48:07 location_id=72125 sensor_id=82488
TenantB -> topic=tenantB.bronze.raw key=89372 ts=2026-02-28 22:48:10 location_id=89372 sensor_id=96703
TenantB -> topic=tenantB.bronze.raw key=79939 ts=2026-02-28 22:48:11 location_id=79939 sensor_id=88627
TenantB -> topic=tenantB.bronze.raw key=35277 ts=2026-02-28 22:48:48 location_id=35277 sensor_id=2994
TenantB -> topic=tenantB.bronze.raw key=62224 ts=2026-02-28 22:46:48 location_id=62224 sensor_id=73891
TenantB -> topic=tenantB.bronze.raw key=88771 ts=2026-02-28 22:47:56 location_id=88771 sensor_id=96372
TenantB -> topic=tenantB.bronze.raw key=4220 ts=2026-02-28 22:48:32 location_id=4220 sensor_id=8365
TenantB -> topic=tenantB.bronze.raw key=6789 ts=2026-02-28 22:45:02 location_id=6789 sensor_id=13434
TenantB -> topic=tenantB.bronze.raw key=67019 ts=2026-02-28 22:45:17 location_id=67019 sensor_id=77829
TenantB -> topic=tenantB.bronze.raw key=13763 ts=2026-02-28 22:48:19 location_id=13763 sensor_id=25968
TenantB -> topic=tenantB.bronze.raw key=18539 ts=2026-02-28 22:48:00 location_id=18539 sensor_id=32018
TenantB -> topic=tenantB.bronze.raw key=75601 ts=2026-02-28 22:48:44 location_id=75601 sensor_id=84727
TenantB -> topic=tenantB.bronze.raw key=33330 ts=2026-02-28 22:48:18 location_id=33330 sensor_id=47609
TenantB -> topic=tenantB.bronze.raw key=69753 ts=2026-02-28 22:48:38 location_id=69753 sensor_id=64717
TenantB -> topic=tenantB.bronze.raw key=25200 ts=2026-02-28 22:49:26 location_id=25200 sensor_id=39519
TenantB -> topic=tenantB.bronze.raw key=78043 ts=2026-02-28 22:50:08 location_id=78043 sensor_id=87200
TenantB -> topic=tenantB.bronze.raw key=44851 ts=2026-02-28 22:50:16 location_id=44851 sensor_id=59063
TenantB -> topic=tenantB.bronze.raw key=36875 ts=2026-02-28 22:48:57 location_id=36875 sensor_id=50057
TenantB -> topic=tenantB.bronze.raw key=35501 ts=2026-02-28 22:48:57 location_id=35501 sensor_id=38988
TenantB -> topic=tenantB.bronze.raw key=4480 ts=2026-02-28 22:49:30 location_id=4480 sensor_id=8888
TenantB -> topic=tenantB.bronze.raw key=19080 ts=2026-02-28 22:47:58 location_id=19080 sensor_id=32320
TenantB -> topic=tenantB.bronze.raw key=39536 ts=2026-02-28 22:48:57 location_id=39536 sensor_id=13967
TenantB -> topic=tenantB.bronze.raw key=39843 ts=2026-02-28 22:47:55 location_id=39843 sensor_id=53929
TenantB -> topic=tenantB.bronze.raw key=14031 ts=2026-02-28 22:49:57 location_id=14031 sensor_id=16174
TenantB -> topic=tenantB.bronze.raw key=75388 ts=2026-02-28 22:50:12 location_id=75388 sensor_id=68100
TenantB -> topic=tenantB.bronze.raw key=52056 ts=2026-02-28 22:48:18 location_id=52056 sensor_id=65458
TenantB -> topic=tenantB.bronze.raw key=38261 ts=2026-02-28 22:50:27 location_id=38261 sensor_id=52321
TenantB -> topic=tenantB.bronze.raw key=67165 ts=2026-02-28 22:49:38 location_id=67165 sensor_id=26575
TenantB -> topic=tenantB.bronze.raw key=44432 ts=2026-02-28 22:49:21 location_id=44432 sensor_id=58661
TenantB -> topic=tenantB.bronze.raw key=52718 ts=2026-02-28 22:50:23 location_id=52718 sensor_id=65958
TenantB -> topic=tenantB.bronze.raw key=87813 ts=2026-02-28 22:49:29 location_id=87813 sensor_id=95565
TenantB -> topic=tenantB.bronze.raw key=5466 ts=2026-02-28 22:49:27 location_id=5466 sensor_id=10825
TenantB -> topic=tenantB.bronze.raw key=3720 ts=2026-02-28 22:49:08 location_id=3720 sensor_id=7360
TenantB -> topic=tenantB.bronze.raw key=81048 ts=2026-02-28 22:49:20 location_id=81048 sensor_id=89440
TenantB -> topic=tenantB.bronze.raw key=87623 ts=2026-02-28 22:49:51 location_id=87623 sensor_id=89989
TenantB -> topic=tenantB.bronze.raw key=39791 ts=2026-02-28 22:50:28 location_id=39791 sensor_id=53879
TenantB -> topic=tenantB.bronze.raw key=81069 ts=2026-02-28 22:48:56 location_id=81069 sensor_id=89461
TenantB -> topic=tenantB.bronze.raw key=77972 ts=2026-02-28 22:49:59 location_id=77972 sensor_id=87113
TenantB -> topic=tenantB.bronze.raw key=90048 ts=2026-02-28 22:49:56 location_id=90048 sensor_id=91396
TenantB -> topic=tenantB.bronze.raw key=5931 ts=2026-02-28 22:50:06 location_id=5931 sensor_id=11748
TenantB -> topic=tenantB.bronze.raw key=8643 ts=2026-02-28 22:51:39 location_id=8643 sensor_id=17052
TenantB -> topic=tenantB.bronze.raw key=83759 ts=2026-02-28 22:52:07 location_id=83759 sensor_id=91332
TenantB -> topic=tenantB.bronze.raw key=83958 ts=2026-02-28 22:52:07 location_id=83958 sensor_id=91492
TenantB -> topic=tenantB.bronze.raw key=42558 ts=2026-02-28 22:50:12 location_id=42558 sensor_id=56680
TenantB -> topic=tenantB.bronze.raw key=83613 ts=2026-02-28 22:51:29 location_id=83613 sensor_id=91176
TenantB -> topic=tenantB.bronze.raw key=46198 ts=2026-02-28 22:51:40 location_id=46198 sensor_id=60354
TenantB -> topic=tenantB.bronze.raw key=73534 ts=2026-02-28 22:52:13 location_id=73534 sensor_id=83560
TenantB -> topic=tenantB.bronze.raw key=1830 ts=2026-02-28 22:50:44 location_id=1830 sensor_id=3627
TenantB -> topic=tenantB.bronze.raw key=42585 ts=2026-02-28 22:51:01 location_id=42585 sensor_id=56706
TenantB -> topic=tenantB.bronze.raw key=18565 ts=2026-02-28 22:51:52 location_id=18565 sensor_id=32056
TenantB -> topic=tenantB.bronze.raw key=90557 ts=2026-02-28 22:50:43 location_id=90557 sensor_id=97663
TenantB -> topic=tenantB.bronze.raw key=45882 ts=2026-02-28 22:51:28 location_id=45882 sensor_id=54725
TenantB -> topic=tenantB.bronze.raw key=77310 ts=2026-02-28 22:51:38 location_id=77310 sensor_id=6535
TenantB -> topic=tenantB.bronze.raw key=40967 ts=2026-02-28 22:50:11 location_id=40967 sensor_id=55070
TenantB -> topic=tenantB.bronze.raw key=69711 ts=2026-02-28 22:52:05 location_id=69711 sensor_id=61644
TenantB -> topic=tenantB.bronze.raw key=29777 ts=2026-02-28 22:48:42 location_id=29777 sensor_id=44115
TenantB -> topic=tenantB.bronze.raw key=58812 ts=2026-02-28 22:50:55 location_id=58812 sensor_id=71144
TenantB -> topic=tenantB.bronze.raw key=63165 ts=2026-02-28 22:51:59 location_id=63165 sensor_id=9523
TenantB -> topic=tenantB.bronze.raw key=71140 ts=2026-02-28 22:51:43 location_id=71140 sensor_id=81733
TenantB -> topic=tenantB.bronze.raw key=61064 ts=2026-02-28 22:51:59 location_id=61064 sensor_id=72920
TenantB -> topic=tenantB.bronze.raw key=59359 ts=2026-02-28 22:52:55 location_id=59359 sensor_id=71537
TenantB -> topic=tenantB.bronze.raw key=79395 ts=2026-02-28 22:53:13 location_id=79395 sensor_id=88249
TenantB -> topic=tenantB.bronze.raw key=89532 ts=2026-02-28 22:49:03 location_id=89532 sensor_id=89379
TenantB -> topic=tenantB.bronze.raw key=83646 ts=2026-02-28 22:50:50 location_id=83646 sensor_id=91210
TenantB -> topic=tenantB.bronze.raw key=83664 ts=2026-02-28 22:52:26 location_id=83664 sensor_id=91230
TenantB -> topic=tenantB.bronze.raw key=82489 ts=2026-02-28 22:52:48 location_id=82489 sensor_id=42971
TenantB -> topic=tenantB.bronze.raw key=69753 ts=2026-02-28 22:51:03 location_id=69753 sensor_id=64717
TenantB -> topic=tenantB.bronze.raw key=5281 ts=2026-02-28 22:53:04 location_id=5281 sensor_id=10467
TenantB -> topic=tenantB.bronze.raw key=32229 ts=2026-02-28 22:49:06 location_id=32229 sensor_id=17698
TenantB -> topic=tenantB.bronze.raw key=78868 ts=2026-02-28 22:51:47 location_id=78868 sensor_id=4074
TenantB -> topic=tenantB.bronze.raw key=27747 ts=2026-02-28 22:53:58 location_id=27747 sensor_id=42087
TenantB -> topic=tenantB.bronze.raw key=10761 ts=2026-02-28 22:53:22 location_id=10761 sensor_id=21207
TenantB -> topic=tenantB.bronze.raw key=11052 ts=2026-02-28 22:53:11 location_id=11052 sensor_id=2268
TenantB -> topic=tenantB.bronze.raw key=88810 ts=2026-02-28 22:54:15 location_id=88810 sensor_id=95260
TenantB -> topic=tenantB.bronze.raw key=11746 ts=2026-02-28 22:52:23 location_id=11746 sensor_id=23155
TenantB -> topic=tenantB.bronze.raw key=54756 ts=2026-02-28 22:52:48 location_id=54756 sensor_id=67974
TenantB -> topic=tenantB.bronze.raw key=84436 ts=2026-02-28 22:49:59 location_id=84436 sensor_id=92303
TenantB -> topic=tenantB.bronze.raw key=75380 ts=2026-02-28 22:52:35 location_id=75380 sensor_id=85047
TenantB -> topic=tenantB.bronze.raw key=84472 ts=2026-02-28 22:53:26 location_id=84472 sensor_id=92329
TenantB -> topic=tenantB.bronze.raw key=79073 ts=2026-02-28 22:53:02 location_id=79073 sensor_id=87944
TenantB -> topic=tenantB.bronze.raw key=6863 ts=2026-02-28 22:53:02 location_id=6863 sensor_id=13584
TenantB -> topic=tenantB.bronze.raw key=74182 ts=2026-02-28 22:54:12 location_id=74182 sensor_id=75736
TenantB -> topic=tenantB.bronze.raw key=10800 ts=2026-02-28 22:54:08 location_id=10800 sensor_id=21281
TenantB -> topic=tenantB.bronze.raw key=37736 ts=2026-02-28 22:54:07 location_id=37736 sensor_id=51657